[1 - Suricata-Main] 2026-02-24 20:56:21 Notice: suricata: This is Suricata version 8.0.3 RELEASE running in SYSTEM mode
[1 - Suricata-Main] 2026-02-24 20:56:21 Info: cpu: CPUs/cores online: 16
[1 - Suricata-Main] 2026-02-24 20:56:21 Info: suricata: Setting engine mode to IDS mode by default
[1 - Suricata-Main] 2026-02-24 20:56:21 Info: exception-policy: master exception-policy set to: auto
[1 - Suricata-Main] 2026-02-24 20:56:21 Info: conf: Running in live mode, activating unix socket
[1 - Suricata-Main] 2026-02-24 20:56:21 Info: logopenfile: fast output device (regular) initialized: fast.log
[1 - Suricata-Main] 2026-02-24 20:56:21 Info: logopenfile: eve-log output device (regular) initialized: eve.json
[1 - Suricata-Main] 2026-02-24 20:56:21 Info: logopenfile: stats output device (regular) initialized: stats.log
[1 - Suricata-Main] 2026-02-24 20:56:26 Info: detect: 1 rule files processed. 46618 rules successfully loaded, 0 rules failed, 0 rules skipped
[1 - Suricata-Main] 2026-02-24 20:56:26 Info: threshold-config: Threshold config parsed: 0 rule(s) found
[1 - Suricata-Main] 2026-02-24 20:56:27 Info: detect: 46621 signatures processed. 1001 are IP-only rules, 4423 are inspecting packet payload, 40956 inspect application layer, 110 are decoder event only
[1 - Suricata-Main] 2026-02-24 20:56:39 Notice: mpm-hs: Rule group caching - loaded: 0 newly cached: 113 total cacheable: 113
[1 - Suricata-Main] 2026-02-24 20:56:40 Info: unix-manager: unix socket '/var/run/suricata/suricata-command.socket'
[1 - Suricata-Main] 2026-02-24 20:56:40 Info: runmodes: wlan0: creating 16 threads
[17 - W#01-wlan0] 2026-02-24 20:56:40 Info: ioctl: wlan0: MTU 1500
[1 - Suricata-Main] 2026-02-24 20:56:40 Notice: threads: Threads created -> W: 16 FM: 1 FR: 1   Engine started.
[1 - Suricata-Main] 2026-02-24 23:54:46 Notice: suricata: Signal Received.  Stopping engine.
[1 - Suricata-Main] 2026-02-24 23:54:47 Info: suricata: time elapsed 10687.338s
[1 - Suricata-Main] 2026-02-24 23:54:48 Info: counters: Alerts: 12350
[1 - Suricata-Main] 2026-02-24 23:54:48 Notice: device: wlan0: packets: 4477102, drops: 1626 (0.04%), invalid chksum: 0
