[716570 - Suricata-Main] 2026-04-25 21:49:12 Notice: suricata: This is Suricata version 8.0.4 RELEASE running in USER mode
[716570 - Suricata-Main] 2026-04-25 21:49:12 Info: cpu: CPUs/cores online: 16
[716570 - Suricata-Main] 2026-04-25 21:49:12 Info: suricata: Setting engine mode to IDS mode by default
[716570 - Suricata-Main] 2026-04-25 21:49:12 Info: exception-policy: master exception-policy set to: auto
[716570 - Suricata-Main] 2026-04-25 21:49:12 Info: suricata: Preparing unexpected signal handling
[716570 - Suricata-Main] 2026-04-25 21:49:12 Info: logopenfile: fast output device (regular) initialized: fast.log
[716570 - Suricata-Main] 2026-04-25 21:49:12 Info: logopenfile: eve-log output device (regular) initialized: eve.json
[716570 - Suricata-Main] 2026-04-25 21:49:12 Info: logopenfile: stats output device (regular) initialized: stats.log
[716570 - Suricata-Main] 2026-04-25 21:49:12 Warning: detect: No rule files match the pattern /var/lib/suricata/rules/suricata.rules
[716570 - Suricata-Main] 2026-04-25 21:49:12 Warning: detect: 1 rule files specified, but no rules were loaded!
[716570 - Suricata-Main] 2026-04-25 21:49:12 Info: threshold-config: Threshold config parsed: 0 rule(s) found
[716570 - Suricata-Main] 2026-04-25 21:49:12 Info: detect: 0 signatures processed. 0 are IP-only rules, 0 are inspecting packet payload, 0 inspect application layer, 0 are decoder event only
[716570 - Suricata-Main] 2026-04-25 21:49:12 Warning: mpm-hs: Failed to create Hyperscan cache folder, make sure the  parent folder is writeable or adjust sgh-mpm-caching-path setting (/var/lib/suricata/cache/sgh)
[716570 - Suricata-Main] 2026-04-25 21:49:12 Info: unix-manager: unix socket '/var/run/suricata/suricata-command.socket'
[716570 - Suricata-Main] 2026-04-25 21:49:12 Warning: unix-manager: Unix socket: UNIX socket bind(/var/run/suricata/suricata-command.socket) error: Address already in use
[716570 - Suricata-Main] 2026-04-25 21:49:12 Warning: unix-manager: Unable to create unix command socket
[716571 - RX#01] 2026-04-25 21:49:12 Info: pcap: Starting file run for Lab 1.pcapng
[716570 - Suricata-Main] 2026-04-25 21:49:12 Notice: threads: Threads created -> RX: 1 W: 16 FM: 1 FR: 1   Engine started.
[716571 - RX#01] 2026-04-25 21:49:12 Info: checksum: No packets with invalid checksum, assuming checksum offloading is NOT used
[716571 - RX#01] 2026-04-25 21:49:12 Info: pcap: pcap file Lab 1.pcapng end of file reached (pcap err code 0)
[716570 - Suricata-Main] 2026-04-25 21:49:12 Notice: suricata: Signal Received.  Stopping engine.
[716570 - Suricata-Main] 2026-04-25 21:49:12 Info: suricata: time elapsed 0.151s
[716571 - RX#01] 2026-04-25 21:49:12 Notice: pcap: read 1 file, 6166 packets, 4023261 bytes
[716570 - Suricata-Main] 2026-04-25 21:49:12 Info: counters: Alerts: 0
[718328 - Suricata-Main] 2026-04-25 21:53:14 Notice: suricata: This is Suricata version 8.0.4 RELEASE running in USER mode
[718328 - Suricata-Main] 2026-04-25 21:53:14 Info: cpu: CPUs/cores online: 16
[718328 - Suricata-Main] 2026-04-25 21:53:14 Info: suricata: Setting engine mode to IDS mode by default
[718328 - Suricata-Main] 2026-04-25 21:53:14 Info: exception-policy: master exception-policy set to: auto
[718328 - Suricata-Main] 2026-04-25 21:53:14 Info: suricata: Preparing unexpected signal handling
[718328 - Suricata-Main] 2026-04-25 21:53:14 Info: logopenfile: fast output device (regular) initialized: fast.log
[718328 - Suricata-Main] 2026-04-25 21:53:14 Info: logopenfile: eve-log output device (regular) initialized: eve.json
[718328 - Suricata-Main] 2026-04-25 21:53:14 Info: logopenfile: stats output device (regular) initialized: stats.log
[718328 - Suricata-Main] 2026-04-25 21:53:18 Info: detect: 1 rule files processed. 49845 rules successfully loaded, 0 rules failed, 0 rules skipped
[718328 - Suricata-Main] 2026-04-25 21:53:19 Info: threshold-config: Threshold config parsed: 0 rule(s) found
[718328 - Suricata-Main] 2026-04-25 21:53:19 Info: detect: 49850 signatures processed. 1279 are IP-only rules, 4485 are inspecting packet payload, 43850 inspect application layer, 110 are decoder event only
[718328 - Suricata-Main] 2026-04-25 21:53:28 Warning: mpm-hs: Failed to create Hyperscan cache folder, make sure the  parent folder is writeable or adjust sgh-mpm-caching-path setting (/var/lib/suricata/cache/sgh)
[718328 - Suricata-Main] 2026-04-25 21:53:28 Info: unix-manager: unix socket '/var/run/suricata/suricata-command.socket'
[718328 - Suricata-Main] 2026-04-25 21:53:28 Warning: unix-manager: Unix socket: UNIX socket bind(/var/run/suricata/suricata-command.socket) error: Address already in use
[718328 - Suricata-Main] 2026-04-25 21:53:28 Warning: unix-manager: Unable to create unix command socket
[718334 - RX#01] 2026-04-25 21:53:28 Info: pcap: Starting file run for Lab 1.pcapng
[718328 - Suricata-Main] 2026-04-25 21:53:28 Notice: threads: Threads created -> RX: 1 W: 16 FM: 1 FR: 1   Engine started.
[718334 - RX#01] 2026-04-25 21:53:28 Info: checksum: Less than 1/10th of packets have an invalid checksum, assuming checksum offloading is NOT used (8/1000)
[718334 - RX#01] 2026-04-25 21:53:28 Info: pcap: pcap file Lab 1.pcapng end of file reached (pcap err code 0)
[718328 - Suricata-Main] 2026-04-25 21:53:28 Notice: suricata: Signal Received.  Stopping engine.
[718328 - Suricata-Main] 2026-04-25 21:53:28 Info: suricata: time elapsed 0.321s
[718334 - RX#01] 2026-04-25 21:53:28 Notice: pcap: read 1 file, 6166 packets, 4023261 bytes
[718328 - Suricata-Main] 2026-04-25 21:53:28 Info: counters: Alerts: 427
