2026-05-02 17:05:40 INFO     [app.ai.phishing_model:63] Loaded sklearn artifacts from disk
2026-05-02 17:05:40 INFO     [app.services.email_service:46] EmailService initialized; model=/app/artifacts/phishing_model.joblib vectorizer=/app/artifacts/tfidf_vectorizer.joblib
2026-05-02 20:20:41 INFO     [app.ai.phishing_model:64] Loaded sklearn artifacts from disk
2026-05-02 20:20:41 INFO     [app.services.email_service:47] EmailService initialized; model=artifacts\phishing_model.joblib vectorizer=artifacts\tfidf_vectorizer.joblib
2026-05-02 17:21:45 INFO     [app.controllers.classification:100] Received direct classification request for sender: support@paypa1-secure.tk...
2026-05-02 17:21:45 INFO     [app.controllers.classification:102] Analysis result: suspicious (Score: 0.83)
2026-05-02 20:25:07 INFO     [app.ai.phishing_model:64] Loaded sklearn artifacts from disk
2026-05-02 20:25:07 INFO     [app.services.email_service:47] EmailService initialized; model=artifacts\phishing_model.joblib vectorizer=artifacts\tfidf_vectorizer.joblib
2026-05-02 17:26:02 INFO     [app.controllers.classification:100] Received direct classification request for sender: support@paypa1-secure.tk...
2026-05-02 17:26:02 INFO     [app.controllers.classification:102] Analysis result: suspicious (Score: 0.83)
2026-05-02 21:07:28 INFO     [app.ai.phishing_model:64] Loaded sklearn artifacts from disk
2026-05-02 21:07:28 INFO     [app.services.email_service:47] EmailService initialized; model=artifacts\phishing_model.joblib vectorizer=artifacts\tfidf_vectorizer.joblib
2026-05-02 18:08:32 INFO     [app.controllers.classification:100] Received direct classification request for sender: support@paypa1-secure.tk...
2026-05-02 18:08:32 INFO     [app.controllers.classification:102] Analysis result: suspicious (Score: 0.83)
2026-05-02 19:21:11 INFO     [app.controllers.classification:100] Received direct classification request for sender: test@test.com...
2026-05-02 19:21:11 INFO     [app.controllers.classification:102] Analysis result: suspicious (Score: 0.83)
2026-05-02 22:25:12 INFO     [app.ai.phishing_model:64] Loaded sklearn artifacts from disk
2026-05-02 22:25:12 INFO     [app.services.email_service:47] EmailService initialized; model=artifacts\phishing_model.joblib vectorizer=artifacts\tfidf_vectorizer.joblib
2026-05-02 19:30:19 INFO     [app.controllers.classification:100] Received direct classification request for sender: support@paypa1-secure.tk...
2026-05-02 19:30:19 INFO     [app.controllers.classification:102] Analysis result: suspicious (Score: 0.83)
2026-05-02 19:47:23 INFO     [app.ai.phishing_model:64] Loaded sklearn artifacts from disk
2026-05-02 19:47:23 INFO     [app.services.email_service:47] EmailService initialized; model=/app/artifacts/phishing_model.joblib vectorizer=/app/artifacts/tfidf_vectorizer.joblib
2026-05-02 19:56:40 INFO     [app.controllers.classification:100] Received direct classification request for sender: support@paypa1-secure.tk...
2026-05-02 19:56:41 INFO     [app.controllers.classification:102] Analysis result: suspicious (Score: 0.878)
2026-05-02 20:04:10 INFO     [app.services.email_service:69] Creating manual email record manual-bdb8f5fb457c4163aa2b2afd61850e81 (sender=support@paypa1-secure.tk) with label=suspicious
2026-05-10 15:16:12 INFO     [app.ai.phishing_model:64] Loaded sklearn artifacts from disk
2026-05-10 15:16:12 INFO     [app.services.email_service:47] EmailService initialized; model=/app/artifacts/phishing_model.joblib vectorizer=/app/artifacts/tfidf_vectorizer.joblib
